{
    "timestamp": 1612354126,
    "metric_1": [
        38.97,
        0.0,
        43.01,
        92856.34,
        0.66,
        0.0,
        1.29,
        0.0,
        0.0,
        0.0
    ],
    "metric_2": [
        0.0,
        0.0,
        0.0
    ],
    "metric_3": [
        13335142400,
        12533370880,
        6.0,
        549699584,
        12578992128,
        470654976,
        110055424,
        20819968,
        185630720,
        73728,
        63463424
    ],
    "metric_4": [
        4294967296,
        0,
        4294967296,
        0.0,
        0,
        0
    ],
    "metric_5": [
        269490393088,
        3429089280,
        252300632064,
        1.3
    ]
}{
    "timestamp": 1612354343,
    "metric_1": [
        39.92,
        0.0,
        44.54,
        96323.92,
        0.69,
        0.0,
        1.33,
        0.0,
        0.0,
        0.0
    ],
    "metric_2": [
        0.15,
        0.03,
        0.01
    ],
    "metric_3": [
        13335142400,
        12528594944,
        6.0,
        554549248,
        12574011392,
        474525696,
        109944832,
        20865024,
        185716736,
        73728,
        63614976
    ],
    "metric_4": [
        4294967296,
        0,
        4294967296,
        0.0,
        0,
        0
    ],
    "metric_5": [
        269490393088,
        3429097472,
        252300623872,
        1.3
    ]
}{
    "timestamp": 1612354884,
    "metric_1": [
        42.89,
        0.0,
        52.57,
        104976.43,
        0.73,
        0.0,
        1.54,
        0.0,
        0.0,
        0.0
    ],
    "metric_2": [
        0.0,
        0.0,
        0.0
    ],
    "metric_3": [
        13335142400,
        12532154368,
        6.0,
        550985728,
        12577226752,
        470876160,
        109441024,
        21110784,
        185819136,
        73728,
        63885312
    ],
    "metric_4": [
        4294967296,
        0,
        4294967296,
        0.0,
        0,
        0
    ],
    "metric_5": [
        269490393088,
        3429126144,
        252300595200,
        1.3
    ]
}{
    "timestamp": 1612354890,
    "metric_1": [
        42.92,
        0.0,
        52.58,
        105062.28,
        0.73,
        0.0,
        1.54,
        0.0,
        0.0,
        0.0
    ],
    "metric_2": [
        0.0,
        0.0,
        0.0
    ],
    "metric_3": [
        13335142400,
        12531625984,
        6.0,
        551526400,
        12576702464,
        470646784,
        109432832,
        21110784,
        185802752,
        73728,
        63889408
    ],
    "metric_4": [
        4294967296,
        0,
        4294967296,
        0.0,
        0,
        0
    ],
    "metric_5": [
        269490393088,
        3429126144,
        252300595200,
        1.3
    ]
}{
    "timestamp": 1612354894,
    "metric_1": [
        42.95,
        0.0,
        52.61,
        105137.92,
        0.73,
        0.0,
        1.54,
        0.0,
        0.0,
        0.0
    ],
    "metric_2": [
        0.0,
        0.0,
        0.0
    ],
    "metric_3": [
        13335142400,
        12531892224,
        6.0,
        551251968,
        12576968704,
        470675456,
        109428736,
        21118976,
        185802752,
        73728,
        63897600
    ],
    "metric_4": [
        4294967296,
        0,
        4294967296,
        0.0,
        0,
        0
    ],
    "metric_5": [
        269490393088,
        3429126144,
        252300595200,
        1.3
    ]
}